INFO: Checking whether necessary files and directories exist
INFO: Retrieving tracked books from JSON files
INFO: Syncing books info with media server
INFO: Updating mangas info
DEBUG: Connecting to media server : prehistoic@192.168.1.25:22
DEBUG: Connection successful
INFO: Retrieving mangas from media server
DEBUG: Found sources : MangaSee (EN)
INFO: Found mangas : Kaiju No. 8, Jujutsu Kaisen, Frieren - Beyond Journey's End, Witch Hat Atelier, Death Note, One Piece, BLAME!
DEBUG: Retrieving chapters from Kaiju No. 8 [MangaSee (EN)]
DEBUG: Found 109 chapters for Kaiju No. 8
DEBUG: Retrieving chapters from Jujutsu Kaisen [MangaSee (EN)]
DEBUG: Found 262 chapters for Jujutsu Kaisen
DEBUG: Retrieving chapters from Frieren - Beyond Journey's End [MangaSee (EN)]
DEBUG: Found 135 chapters for Frieren - Beyond Journey's End
DEBUG: Retrieving chapters from Witch Hat Atelier [MangaSee (EN)]
DEBUG: Found 80 chapters for Witch Hat Atelier
DEBUG: Retrieving chapters from Death Note [MangaSee (EN)]
DEBUG: Found 112 chapters for Death Note
DEBUG: Retrieving chapters from One Piece [MangaSee (EN)]
DEBUG: Found 1 chapters for One Piece
DEBUG: Retrieving chapters from BLAME! [MangaSee (EN)]
DEBUG: Found 16 chapters for BLAME!
INFO: New chapters for BLAME! : Log. 9.cbz, Log. 10.cbz, Log. 11.cbz, Log. 12.cbz, Log. 13.cbz, Log. 14.cbz
DEBUG: Disconnecting from media server : prehistoic@192.168.1.25:22
DEBUG: Disconnection successful
INFO: Updating lightnovels info
INFO: Updating ebooks info
INFO: Saving mangas to C:\Users\matla\Documents\Projets\CoverTheAir\data\mangas.json
INFO: Saving lightnovels to C:\Users\matla\Documents\Projets\CoverTheAir\data\lightnovels.json
INFO: Saving ebooks to C:\Users\matla\Documents\Projets\CoverTheAir\data\ebooks.json
